<?xml version="1.0" encoding="UTF-8"?>
<!-- Generated by org.testng.reporters.JUnitReportReporter -->
<testsuite hostname="attune-admin" name="Multiple_Records.AVM" tests="1" failures="0" timestamp="8 Jun 2015 16:34:33 GMT" time="1351.955" errors="0">
  <testcase name="getAvmReport" time="1351.955" classname="Multiple_Records.AVM"/>
</testsuite> <!-- Multiple_Records.AVM -->
