<?xml version="1.0" encoding="UTF-8"?>
<!-- Generated by org.testng.reporters.JUnitReportReporter -->
<testsuite hostname="attunepc" name="Multiple_Records.SearchLink2" tests="1" failures="0" timestamp="1 Jun 2015 06:18:59 GMT" time="0.110" errors="0">
  <testcase name="getSearchLink" time="0.110" classname="Multiple_Records.SearchLink2"/>
</testsuite> <!-- Multiple_Records.SearchLink2 -->
