<?xml version="1.0" encoding="UTF-8"?>
<!-- Generated by org.testng.reporters.JUnitReportReporter -->
<testsuite hostname="attunepc" name="Multiple_Records.ListofFile" tests="1" failures="0" timestamp="5 Jun 2015 09:42:56 GMT" time="5.839" errors="0">
  <testcase name="getFileName" time="5.839" classname="Multiple_Records.ListofFile"/>
</testsuite> <!-- Multiple_Records.ListofFile -->
