<?xml version="1.0" encoding="UTF-8"?>
<!-- Generated by org.testng.reporters.JUnitReportReporter -->
<testsuite hostname="attunepc" name="Multiple_Records.Record3" tests="1" failures="0" timestamp="3 Jul 2015 07:32:01 GMT" time="18.932" errors="0">
  <testcase name="getRecord" time="18.932" classname="Multiple_Records.Record3"/>
</testsuite> <!-- Multiple_Records.Record3 -->
