<?xml version="1.0" encoding="UTF-8"?>
<!-- Generated by org.testng.reporters.JUnitReportReporter -->
<testsuite hostname="attunepc" name="Multiple_Records.SearchLink3" tests="1" failures="0" timestamp="1 Jun 2015 06:25:31 GMT" time="0.078" errors="0">
  <testcase name="getSearchLink" time="0.078" classname="Multiple_Records.SearchLink3"/>
</testsuite> <!-- Multiple_Records.SearchLink3 -->
